---------------------------------------------------------------
[ 2018-03-06T18:23:58+08:00 ] 127.0.0.1 GET /
[ info ] tp5-8.com/ [运行时间：0.086005s][吞吐率：11.63req/s] [内存消耗：695.25kb] [文件加载：62]
[ info ] [ LANG ] F:\www\TP5.1\8.0\thinkphp/lang/zh-cn.php
[ info ] [ ROUTE ] array (
  'rule' => '',
  'route' => 'index/Index/index',
  'option' => 
  array (
  ),
  'var' => 
  array (
  ),
)
[ info ] [ HEADER ] array (
  'host' => 'tp5-8.com',
  'connection' => 'keep-alive',
  'upgrade-insecure-requests' => '1',
  'user-agent' => 'Mozilla/5.0 (Windows NT 6.1; Win64; x64) AppleWebKit/537.36 (KHTML, like Gecko) Chrome/64.0.3282.119 Safari/537.36',
  'accept' => 'text/html,application/xhtml+xml,application/xml;q=0.9,image/webp,image/apng,*/*;q=0.8',
  'accept-encoding' => 'gzip, deflate',
  'accept-language' => 'zh-CN,zh;q=0.9',
)
[ info ] [ PARAM ] array (
)
[ info ] [ LOG ] INIT File
---------------------------------------------------------------
[ 2018-03-06T18:24:07+08:00 ] 127.0.0.1 GET /excel/test
[ info ] tp5-8.com/excel/test [运行时间：0.061004s][吞吐率：16.39req/s] [内存消耗：694.88kb] [文件加载：62]
[ info ] [ LANG ] F:\www\TP5.1\8.0\thinkphp/lang/zh-cn.php
[ info ] [ ROUTE ] array (
  'rule' => 'excel/test',
  'route' => 'index/Excel/test',
  'option' => 
  array (
  ),
  'var' => 
  array (
  ),
)
[ info ] [ HEADER ] array (
  'host' => 'tp5-8.com',
  'connection' => 'keep-alive',
  'upgrade-insecure-requests' => '1',
  'user-agent' => 'Mozilla/5.0 (Windows NT 6.1; Win64; x64) AppleWebKit/537.36 (KHTML, like Gecko) Chrome/64.0.3282.119 Safari/537.36',
  'accept' => 'text/html,application/xhtml+xml,application/xml;q=0.9,image/webp,image/apng,*/*;q=0.8',
  'accept-encoding' => 'gzip, deflate',
  'accept-language' => 'zh-CN,zh;q=0.9',
  'cookie' => 'pgv_pvi=199070720; pgv_si=s9226140672',
)
[ info ] [ PARAM ] array (
)
[ info ] [ LOG ] INIT File
---------------------------------------------------------------
[ 2018-03-06T18:24:53+08:00 ] 127.0.0.1 GET /excel/test
[ info ] tp5-8.com/excel/test [运行时间：0.054003s][吞吐率：18.52req/s] [内存消耗：729.80kb] [文件加载：64]
[ info ] [ LANG ] F:\www\TP5.1\8.0\thinkphp/lang/zh-cn.php
[ info ] [ ROUTE ] array (
  'rule' => 'excel/test',
  'route' => 'index/Excel/test',
  'option' => 
  array (
  ),
  'var' => 
  array (
  ),
)
[ info ] [ HEADER ] array (
  'host' => 'tp5-8.com',
  'connection' => 'keep-alive',
  'cache-control' => 'max-age=0',
  'upgrade-insecure-requests' => '1',
  'user-agent' => 'Mozilla/5.0 (Windows NT 6.1; Win64; x64) AppleWebKit/537.36 (KHTML, like Gecko) Chrome/64.0.3282.119 Safari/537.36',
  'accept' => 'text/html,application/xhtml+xml,application/xml;q=0.9,image/webp,image/apng,*/*;q=0.8',
  'accept-encoding' => 'gzip, deflate',
  'accept-language' => 'zh-CN,zh;q=0.9',
  'cookie' => 'pgv_pvi=199070720; pgv_si=s9226140672',
)
[ info ] [ PARAM ] array (
)
[ info ] [ LOG ] INIT File
