---------------------------------------------------------------
[ 2018-01-16T14:57:38+08:00 ] 127.0.0.1 GET /tp5/public/
[ info ] tp5.com/tp5/public/ [运行时间：0.174010s][吞吐率：5.75req/s] [内存消耗：1,763.78kb] [文件加载：46]
[ info ] [ LANG ] F:\www\TP5.1\tp5\thinkphp/lang/zh-cn.php
[ info ] [ ROUTE ] array (
)
[ info ] [ HEADER ] array (
  'host' => 'tp5.com',
  'connection' => 'keep-alive',
  'upgrade-insecure-requests' => '1',
  'user-agent' => 'Mozilla/5.0 (Windows NT 6.1; Win64; x64) AppleWebKit/537.36 (KHTML, like Gecko) Chrome/63.0.3239.132 Safari/537.36',
  'accept' => 'text/html,application/xhtml+xml,application/xml;q=0.9,image/webp,image/apng,*/*;q=0.8',
  'referer' => 'http://tp5.com/tp5/',
  'accept-encoding' => 'gzip, deflate',
  'accept-language' => 'zh-CN,zh;q=0.9',
)
[ info ] [ PARAM ] array (
)
[ info ] [ LOG ] INIT File
---------------------------------------------------------------
[ 2018-01-16T14:58:01+08:00 ] 127.0.0.1 GET /tp5/public/
[ info ] tp5.com/tp5/public/ [运行时间：0.061004s][吞吐率：16.39req/s] [内存消耗：1,764.16kb] [文件加载：46]
[ info ] [ LANG ] F:\www\TP5.1\tp5\thinkphp/lang/zh-cn.php
[ info ] [ ROUTE ] array (
)
[ info ] [ HEADER ] array (
  'host' => 'tp5.com',
  'connection' => 'keep-alive',
  'upgrade-insecure-requests' => '1',
  'user-agent' => 'Mozilla/5.0 (Windows NT 6.1; Win64; x64) AppleWebKit/537.36 (KHTML, like Gecko) Chrome/63.0.3239.132 Safari/537.36',
  'accept' => 'text/html,application/xhtml+xml,application/xml;q=0.9,image/webp,image/apng,*/*;q=0.8',
  'referer' => 'http://tp5.com/tp5/',
  'accept-encoding' => 'gzip, deflate',
  'accept-language' => 'zh-CN,zh;q=0.9',
  'cookie' => 'pgv_pvi=2321762304; pgv_si=s791193600',
)
[ info ] [ PARAM ] array (
)
[ info ] [ LOG ] INIT File
---------------------------------------------------------------
[ 2018-01-16T15:59:23+08:00 ] 127.0.0.1 GET /
[ info ] tp5-1.com/ [运行时间：0.190011s][吞吐率：5.26req/s] [内存消耗：1,763.74kb] [文件加载：46]
[ info ] [ LANG ] F:\www\TP5.1\tp5.1\thinkphp/lang/zh-cn.php
[ info ] [ ROUTE ] array (
)
[ info ] [ HEADER ] array (
  'host' => 'tp5-1.com',
  'connection' => 'keep-alive',
  'user-agent' => 'Mozilla/5.0 (Windows NT 6.1; Win64; x64) AppleWebKit/537.36 (KHTML, like Gecko) Chrome/63.0.3239.132 Safari/537.36',
  'upgrade-insecure-requests' => '1',
  'accept' => 'text/html,application/xhtml+xml,application/xml;q=0.9,image/webp,image/apng,*/*;q=0.8',
  'accept-encoding' => 'gzip, deflate',
  'accept-language' => 'zh-CN,zh;q=0.9',
)
[ info ] [ PARAM ] array (
)
[ info ] [ LOG ] INIT File
---------------------------------------------------------------
[ 2018-01-16T16:09:06+08:00 ] 127.0.0.1 GET /
[ info ] tp5.com/ [运行时间：0.070004s][吞吐率：14.28req/s] [内存消耗：1,764.24kb] [文件加载：46]
[ info ] [ LANG ] F:\www\TP5.1\tp5.1\thinkphp/lang/zh-cn.php
[ info ] [ ROUTE ] array (
)
[ info ] [ HEADER ] array (
  'host' => 'tp5.com',
  'connection' => 'keep-alive',
  'user-agent' => 'Mozilla/5.0 (Windows NT 6.1; Win64; x64) AppleWebKit/537.36 (KHTML, like Gecko) Chrome/63.0.3239.132 Safari/537.36',
  'upgrade-insecure-requests' => '1',
  'accept' => 'text/html,application/xhtml+xml,application/xml;q=0.9,image/webp,image/apng,*/*;q=0.8',
  'accept-encoding' => 'gzip, deflate',
  'accept-language' => 'zh-CN,zh;q=0.9',
  'cookie' => 'pgv_pvi=2321762304; pgv_si=s791193600',
)
[ info ] [ PARAM ] array (
)
[ info ] [ LOG ] INIT File
---------------------------------------------------------------
[ 2018-01-16T16:37:06+08:00 ] 127.0.0.1 GET /index/index/test
[ info ] tp5.com/index/index/test [运行时间：0.208012s][吞吐率：4.81req/s] [内存消耗：1,864.38kb] [文件加载：50]
[ info ] [ LANG ] F:\www\TP5.1\tp5.1\thinkphp/lang/zh-cn.php
[ info ] [ ROUTE ] array (
)
[ info ] [ HEADER ] array (
  'host' => 'tp5.com',
  'connection' => 'keep-alive',
  'user-agent' => 'Mozilla/5.0 (Windows NT 6.1; Win64; x64) AppleWebKit/537.36 (KHTML, like Gecko) Chrome/63.0.3239.132 Safari/537.36',
  'upgrade-insecure-requests' => '1',
  'accept' => 'text/html,application/xhtml+xml,application/xml;q=0.9,image/webp,image/apng,*/*;q=0.8',
  'accept-encoding' => 'gzip, deflate',
  'accept-language' => 'zh-CN,zh;q=0.9',
  'cookie' => 'pgv_pvi=2321762304; pgv_si=s791193600',
)
[ info ] [ PARAM ] array (
)
[ info ] [ LOG ] INIT File
---------------------------------------------------------------
[ 2018-01-16T16:38:23+08:00 ] 127.0.0.1 GET /index/Index/test
[ info ] tp5.com/index/Index/test [运行时间：0.067004s][吞吐率：14.92req/s] [内存消耗：1,864.38kb] [文件加载：50]
[ info ] [ LANG ] F:\www\TP5.1\tp5.1\thinkphp/lang/zh-cn.php
[ info ] [ ROUTE ] array (
)
[ info ] [ HEADER ] array (
  'host' => 'tp5.com',
  'connection' => 'keep-alive',
  'user-agent' => 'Mozilla/5.0 (Windows NT 6.1; Win64; x64) AppleWebKit/537.36 (KHTML, like Gecko) Chrome/63.0.3239.132 Safari/537.36',
  'upgrade-insecure-requests' => '1',
  'accept' => 'text/html,application/xhtml+xml,application/xml;q=0.9,image/webp,image/apng,*/*;q=0.8',
  'accept-encoding' => 'gzip, deflate',
  'accept-language' => 'zh-CN,zh;q=0.9',
  'cookie' => 'pgv_pvi=2321762304; pgv_si=s791193600',
)
[ info ] [ PARAM ] array (
)
[ info ] [ LOG ] INIT File
